<?xml version="1.0" encoding="UTF-8"?>
<testsuite xmlns:xsi="http://www.w3.org/2001/XMLSchema-instance" xsi:noNamespaceSchemaLocation="https://maven.apache.org/surefire/maven-surefire-plugin/xsd/surefire-test-report-3.0.xsd" version="3.0" name="TestSuite" time="188.183" tests="5" errors="0" skipped="0" failures="0">
  <properties>
[...]
</properties>
  <testcase name="addInsurancePolicy" classname="patients.PatientsTests" time="17.072"/>
  <testcase name="createPatient" classname="createUsers.CreatePatientTests" time="9.838"/>
  <testcase name="createManager" classname="createUsers.CreateUsersTests" time="21.685"/>
  <testcase name="inventoryCycle" classname="inventory.InventoryTests" time="38.852"/>
  <testcase name="packingSlipsForTerminal" classname="incomingShipments.IncomingShipmentsTests" time="20.086"/>
</testsuite>